<?xml version="1.0" encoding="UTF-8"?>
<!-- Generated by org.testng.reporters.JUnitXMLReporter -->
<testsuite hostname="DESKTOP-UB5830S" ignored="0" name="Default test" tests="9" failures="1" timestamp="2020-07-02T17:17:04 IST" time="0.05" errors="0">
  <testcase name="demo2" time="0.004" classname="test.Day1"/>
  <testcase name="webTest" time="0.004" classname="test.Day2"/>
  <testcase name="abcTest" time="0.0" classname="test.Day2"/>
  <testcase name="APICarLoan" time="0.001" classname="test.Day3"/>
  <testcase name="MobileCarLoan" time="0.001" classname="test.Day3"/>
  <testcase name="WebCarLoan" time="0.0" classname="test.Day3">
    <failure type="org.testng.TestNGException" message="
Parameter &amp;apos;URL&amp;apos; is required by @Test on method WebCarLoan but has not been marked @Optional or defined
in C:\Users\parasoft\AppData\Local\Temp\testng-eclipse-1047733860\testng-customsuite.xml">
      <![CDATA[org.testng.TestNGException: 
Parameter 'URL' is required by @Test on method WebCarLoan but has not been marked @Optional or defined
in C:\Users\parasoft\AppData\Local\Temp\testng-eclipse-1047733860\testng-customsuite.xml
at org.testng.internal.Parameters.createParams(Parameters.java:268)
at org.testng.internal.Parameters.createParametersForMethod(Parameters.java:356)
at org.testng.internal.Parameters.createParameters(Parameters.java:700)
at org.testng.internal.Parameters.handleParameters(Parameters.java:875)
at org.testng.internal.Parameters.handleParameters(Parameters.java:740)
at org.testng.internal.ParameterHandler.handleParameters(ParameterHandler.java:59)
at org.testng.internal.ParameterHandler.createParameters(ParameterHandler.java:38)
at org.testng.internal.TestInvoker$MethodInvocationAgent.invoke(TestInvoker.java:788)
at org.testng.internal.TestInvoker.invokeTestMethods(TestInvoker.java:147)
at org.testng.internal.TestMethodWorker.invokeTestMethods(TestMethodWorker.java:146)
at org.testng.internal.TestMethodWorker.run(TestMethodWorker.java:128)
at java.util.ArrayList.forEach(Unknown Source)
at org.testng.TestRunner.privateRun(TestRunner.java:767)
at org.testng.TestRunner.run(TestRunner.java:588)
at org.testng.SuiteRunner.runTest(SuiteRunner.java:384)
at org.testng.SuiteRunner.runSequentially(SuiteRunner.java:378)
at org.testng.SuiteRunner.privateRun(SuiteRunner.java:337)
at org.testng.SuiteRunner.run(SuiteRunner.java:286)
at org.testng.SuiteRunnerWorker.runSuite(SuiteRunnerWorker.java:53)
at org.testng.SuiteRunnerWorker.run(SuiteRunnerWorker.java:96)
at org.testng.TestNG.runSuitesSequentially(TestNG.java:1214)
at org.testng.TestNG.runSuitesLocally(TestNG.java:1136)
at org.testng.TestNG.runSuites(TestNG.java:1066)
at org.testng.TestNG.run(TestNG.java:1034)
at org.testng.remote.AbstractRemoteTestNG.run(AbstractRemoteTestNG.java:115)
at org.testng.remote.RemoteTestNG.initAndRun(RemoteTestNG.java:251)
at org.testng.remote.RemoteTestNG.main(RemoteTestNG.java:77)
]]>
    </failure>
  </testcase> <!-- WebCarLoan -->
  <testcase name="APIHomeLoan" time="0.002" classname="test.Day4"/>
  <testcase name="MobileHomeLoan" time="0.001" classname="test.Day4"/>
  <testcase name="WebHomeLoan" time="0.0" classname="test.Day4"/>
</testsuite> <!-- Default test -->
